<?xml version="1.0" encoding="UTF-8"?>
<!-- Generated by org.testng.reporters.JUnitXMLReporter -->
<testsuite ignored="2" hostname="DESKTOP-K01PIVP" failures="0" tests="1" name="Test" time="6.756" errors="0" timestamp="2022-09-25T16:23:59 IST">
  <testcase classname="stepDefi2209.PomLogin2209" name="usrCred2209" time="0.376"/>
  <testcase classname="driverFactory.Base" name="@BeforeTest setUp" time="0.0">
    <ignored/>
  </testcase> <!-- @BeforeTest setUp -->
  <testcase classname="driverFactory.Base" name="@AfterTest closeBrowser" time="0.0">
    <ignored/>
  </testcase> <!-- @AfterTest closeBrowser -->
</testsuite> <!-- Test -->
