<?xml version="1.0" encoding="UTF-8"?>
<!-- Generated by org.testng.reporters.JUnitXMLReporter -->
<testsuite ignored="0" hostname="DESKTOP-K01PIVP" failures="1" tests="2" name="PracTest" time="0.116" errors="0" timestamp="2022-10-06T23:35:55 IST">
  <testcase classname="testpkg.PracTest" name="test1" time="0.022"/>
  <testcase classname="testpkg.PracTest" name="test2" time="0.008">
    <failure type="java.lang.AssertionError" message="expected [kumar] but found [satish]">
      <![CDATA[java.lang.AssertionError: expected [kumar] but found [satish]
at testpkg.PracTest.test2(PracTest.java:24)
at java.base/java.util.ArrayList.forEach(ArrayList.java:1511)
... Removed 31 stack frames]]>
    </failure>
  </testcase> <!-- test2 -->
</testsuite> <!-- PracTest -->
