<?xml version="1.0" encoding="UTF-8"?>
<testng-results ignored="0" total="1" passed="1" failed="0" skipped="0">
  <reporter-output>
  </reporter-output>
  <suite started-at="2022-10-11T19:37:21 IST" name="Default suite" finished-at="2022-10-11T19:37:37 IST" duration-ms="15674">
    <groups>
    </groups>
    <test started-at="2022-10-11T19:37:21 IST" name="Default test" finished-at="2022-10-11T19:37:37 IST" duration-ms="15674">
      <class name="stepDefinitions0910.GoiStaging0910">
        <test-method signature="setup()[pri:0, instance:stepDefinitions0910.GoiStaging0910@c4ed84]" started-at="2022-10-11T19:37:22 IST" name="setup" finished-at="2022-10-11T19:37:37 IST" duration-ms="15595" status="PASS">
          <reporter-output>
          </reporter-output>
        </test-method> <!-- setup -->
      </class> <!-- stepDefinitions0910.GoiStaging0910 -->
    </test> <!-- Default test -->
  </suite> <!-- Default suite -->
</testng-results>
