<?xml version="1.0" encoding="UTF-8"?>
<testng-results ignored="0" total="1" passed="1" failed="0" skipped="0">
  <reporter-output>
  </reporter-output>
  <suite started-at="2022-09-27T23:40:41 IST" name="Default suite" finished-at="2022-09-27T23:40:49 IST" duration-ms="8022">
    <groups>
    </groups>
    <test started-at="2022-09-27T23:40:41 IST" name="Default test" finished-at="2022-09-27T23:40:49 IST" duration-ms="8022">
      <class name="stepDefi2209.PomLogin2209">
        <test-method is-config="true" signature="setUp()[pri:0, instance:stepDefi2209.PomLogin2209@7e6f74c]" started-at="2022-09-27T23:40:41 IST" name="setUp" finished-at="2022-09-27T23:40:49 IST" duration-ms="7279" status="PASS">
          <reporter-output>
          </reporter-output>
        </test-method> <!-- setUp -->
        <test-method signature="usrCred2209()[pri:0, instance:stepDefi2209.PomLogin2209@7e6f74c]" started-at="2022-09-27T23:40:49 IST" name="usrCred2209" finished-at="2022-09-27T23:40:49 IST" duration-ms="280" status="PASS">
          <reporter-output>
          </reporter-output>
        </test-method> <!-- usrCred2209 -->
        <test-method is-config="true" signature="ssFailed(org.testng.ITestResult)[pri:0, instance:stepDefi2209.PomLogin2209@7e6f74c]" started-at="2022-09-27T23:40:49 IST" name="ssFailed" finished-at="2022-09-27T23:40:49 IST" duration-ms="399" status="PASS">
          <params>
            <param index="0">
              <value>
                <![CDATA[[TestResult name=usrCred2209 status=SUCCESS method=PomLogin2209.usrCred2209()[pri:0, instance:stepDefi2209.PomLogin2209@7e6f74c] output={null}]]]>
              </value>
            </param>
          </params>
          <reporter-output>
          </reporter-output>
        </test-method> <!-- ssFailed -->
      </class> <!-- stepDefi2209.PomLogin2209 -->
    </test> <!-- Default test -->
  </suite> <!-- Default suite -->
</testng-results>
